Using pre-set license
Built from 'master' branch; Version is '2020.3.36f1 (71f96b79b9f0) revision 7469419'; Using compiler version '192528614'; Build Type 'Release'
OS: 'Windows 10  (10.0.19043) 64bit CoreSingleLanguage' Language: 'en' Physical Memory: 7963 MB
BatchMode: 1, IsHumanControllingUs: 0, StartBugReporterOnCrash: 0, Is64bit: 1, IsPro: 0

COMMAND LINE ARGUMENTS:
D:\Setups\2020.3.36f1\Editor\Unity.exe
-adb2
-batchMode
-noUpm
-name
AssetImportWorker0
-projectPath
C:/Users/User/Lightship 2
-logFile
Logs/AssetImportWorker0.log
-srvPort
54298
Successfully changed project path to: C:/Users/User/Lightship 2
C:/Users/User/Lightship 2
Using Asset Import Pipeline V2.
Refreshing native plugins compatible for Editor in 73.36 ms, found 2 plugins.
Preloading 0 native plugins for Editor in 0.00 ms.
Initialize engine version: 2020.3.36f1 (71f96b79b9f0)
[Subsystems] Discovering subsystems at path D:/Setups/2020.3.36f1/Editor/Data/Resources/UnitySubsystems
[Subsystems] Discovering subsystems at path C:/Users/User/Lightship 2/Assets
GfxDevice: creating device client; threaded=0
Direct3D:
    Version:  Direct3D 11.0 [level 11.1]
    Renderer: NVIDIA GeForce GTX 1650 (ID=0x1f99)
    Vendor:   
    VRAM:     3962 MB
    Driver:   30.0.15.1179
Initialize mono
Mono path[0] = 'D:/Setups/2020.3.36f1/Editor/Data/Managed'
Mono path[1] = 'D:/Setups/2020.3.36f1/Editor/Data/MonoBleedingEdge/lib/mono/unityjit'
Mono config path = 'D:/Setups/2020.3.36f1/Editor/Data/MonoBleedingEdge/etc'
Using monoOptions --debugger-agent=transport=dt_socket,embedding=1,server=y,suspend=n,address=127.0.0.1:56660
Begin MonoManager ReloadAssembly
Registering precompiled unity dll's ...
Register platform support module: D:/Setups/2020.3.36f1/Editor/Data/PlaybackEngines/WindowsStandaloneSupport/UnityEditor.WindowsStandalone.Extensions.dll
Registered in 0.001631 seconds.
Native extension for WindowsStandalone target not found
Refreshing native plugins compatible for Editor in 54.64 ms, found 2 plugins.
Preloading 0 native plugins for Editor in 0.00 ms.
Mono: successfully reloaded assembly
- Completed reload, in  0.854 seconds
Domain Reload Profiling:
	ReloadAssembly (854ms)
		BeginReloadAssembly (100ms)
			ExecutionOrderSort (0ms)
			DisableScriptedObjects (0ms)
			BackupInstance (0ms)
			ReleaseScriptingObjects (0ms)
			CreateAndSetChildDomain (3ms)
		EndReloadAssembly (667ms)
			LoadAssemblies (96ms)
			RebuildTransferFunctionScriptingTraits (0ms)
			SetupTypeCache (212ms)
			ReleaseScriptCaches (0ms)
			RebuildScriptCaches (55ms)
			SetupLoadedEditorAssemblies (238ms)
				LogAssemblyErrors (0ms)
				InitializePlatformSupportModulesInManaged (6ms)
				SetLoadedEditorAssemblies (0ms)
				RefreshPlugins (55ms)
				BeforeProcessingInitializeOnLoad (12ms)
				ProcessInitializeOnLoadAttributes (91ms)
				ProcessInitializeOnLoadMethodAttributes (74ms)
				AfterProcessingInitializeOnLoad (0ms)
				EditorAssembliesLoaded (0ms)
			ExecutionOrderSort2 (0ms)
			AwakeInstancesAfterBackupRestoration (0ms)
Platform modules already initialized, skipping
Registering precompiled user dll's ...
Registered in 0.012742 seconds.
Begin MonoManager ReloadAssembly
Native extension for WindowsStandalone target not found
Refreshing native plugins compatible for Editor in 0.77 ms, found 2 plugins.
Preloading 0 native plugins for Editor in 0.00 ms.
Mono: successfully reloaded assembly
- Completed reload, in  1.324 seconds
Domain Reload Profiling:
	ReloadAssembly (1325ms)
		BeginReloadAssembly (185ms)
			ExecutionOrderSort (0ms)
			DisableScriptedObjects (5ms)
			BackupInstance (0ms)
			ReleaseScriptingObjects (0ms)
			CreateAndSetChildDomain (20ms)
		EndReloadAssembly (1072ms)
			LoadAssemblies (122ms)
			RebuildTransferFunctionScriptingTraits (0ms)
			SetupTypeCache (405ms)
			ReleaseScriptCaches (1ms)
			RebuildScriptCaches (55ms)
			SetupLoadedEditorAssemblies (370ms)
				LogAssemblyErrors (0ms)
				InitializePlatformSupportModulesInManaged (6ms)
				SetLoadedEditorAssemblies (1ms)
				RefreshPlugins (1ms)
				BeforeProcessingInitializeOnLoad (84ms)
				ProcessInitializeOnLoadAttributes (259ms)
				ProcessInitializeOnLoadMethodAttributes (17ms)
				AfterProcessingInitializeOnLoad (2ms)
				EditorAssembliesLoaded (0ms)
			ExecutionOrderSort2 (0ms)
			AwakeInstancesAfterBackupRestoration (2ms)
Platform modules already initialized, skipping
========================================================================
Worker process is ready to serve import requests
Launched and connected shader compiler UnityShaderCompiler.exe after 0.29 seconds
Refreshing native plugins compatible for Editor in 0.92 ms, found 2 plugins.
Preloading 0 native plugins for Editor in 0.00 ms.
Unloading 2378 Unused Serialized files (Serialized files now loaded: 0)
System memory in use before: 95.0 MB.
System memory in use after: 95.1 MB.

Unloading 50 unused Assets to reduce memory usage. Loaded Objects now: 2780.
Total: 4.476600 ms (FindLiveObjects: 0.224500 ms CreateObjectMapping: 0.133400 ms MarkObjects: 3.942800 ms  DeleteObjects: 0.174800 ms)

AssetImportParameters requested are different than current active one (requested -> active):
  custom:framework-win-MediaFoundation: 216162199b28c13a410421893ffa2e32 -> 
  custom:video-decoder-ogg-theora: a1e56fd34408186e4bbccfd4996cb3dc -> 
  custom:container-muxer-webm: aa71ff27fc2769a1b78a27578f13a17b -> 
  custom:container-demuxer-webm: 4f35f7cbe854078d1ac9338744f61a02 -> 
  custom:container-demuxer-ogg: 62fdf1f143b41e24485cea50d1cbac27 -> 
  custom:video-encoder-webm-vp8: eb34c28f22e8b96e1ab97ce403110664 -> 
  custom:video-codec-MediaFoundation-h265: 746d11721c4dcdbdad8f713fa42b33f4 -> 
  custom:video-decoder-webm-vp8: 9c59270c3fd7afecdb556c50c9e8de78 -> 
  custom:audio-decoder-ogg-vorbis: bf7c407c2cedff20999df2af8eb42d56 -> 
  custom:audio-encoder-webm-vorbis: bf7c407c2cedff20999df2af8eb42d56 -> 
========================================================================
Received Import Request.
  path: Assets/Resources
  artifactKey: Guid(7404fb428ae2a674cb085a254426f6e7) Importer(815301076,1909f56bfc062723c751e8b465ee728b)
Start importing Assets/Resources using Guid(7404fb428ae2a674cb085a254426f6e7) Importer(815301076,1909f56bfc062723c751e8b465ee728b)  -> (artifact id: '6abd6e27b4dae8b096e97934fe31d006') in 0.015331 seconds 
========================================================================
Received Import Request.
  Time since last request: 17.356454 seconds.
  path: Assets/Resources/ARDK
  artifactKey: Guid(6d70a7ecde9980d4e9505b44ace4b96a) Importer(815301076,1909f56bfc062723c751e8b465ee728b)
Start importing Assets/Resources/ARDK using Guid(6d70a7ecde9980d4e9505b44ace4b96a) Importer(815301076,1909f56bfc062723c751e8b465ee728b)  -> (artifact id: 'ac965541832f362a950cafa76714a3ad') in 0.014178 seconds 
========================================================================
Received Import Request.
  Time since last request: 14.848692 seconds.
  path: Assets/Resources/ARDK/ArdkAuthConfig.asset
  artifactKey: Guid(a6fea4098ba770044a5c432156f7380a) Importer(815301076,1909f56bfc062723c751e8b465ee728b)
Start importing Assets/Resources/ARDK/ArdkAuthConfig.asset using Guid(a6fea4098ba770044a5c432156f7380a) Importer(815301076,1909f56bfc062723c751e8b465ee728b)  -> (artifact id: 'eae3419d7e53fd47750b41e80e2b23c0') in 0.067746 seconds 
========================================================================
Received Import Request.
  Time since last request: 152.008563 seconds.
  path: Assets/Resources/ARDK/ArdkAuthConfig.asset
  artifactKey: Guid(a6fea4098ba770044a5c432156f7380a) Importer(815301076,1909f56bfc062723c751e8b465ee728b)
Start importing Assets/Resources/ARDK/ArdkAuthConfig.asset using Guid(a6fea4098ba770044a5c432156f7380a) Importer(815301076,1909f56bfc062723c751e8b465ee728b)  -> (artifact id: '47af2fa447dd09f6fb6492391b80cdfc') in 0.006009 seconds 
========================================================================
Received Import Request.
  Time since last request: 69.454881 seconds.
  path: Assets/Prefabs
  artifactKey: Guid(c5622c5257f97ea4b8e09e60357276a1) Importer(815301076,1909f56bfc062723c751e8b465ee728b)
Start importing Assets/Prefabs using Guid(c5622c5257f97ea4b8e09e60357276a1) Importer(815301076,1909f56bfc062723c751e8b465ee728b)  -> (artifact id: 'e84f0310a528ba20160415518776eb5e') in 0.012682 seconds 
========================================================================
Received Import Request.
  Time since last request: 10.667169 seconds.
  path: Assets/Prefabs/Ball.prefab
  artifactKey: Guid(5363665b0f277ca4cb8b791d5dd68684) Importer(815301076,1909f56bfc062723c751e8b465ee728b)
Start importing Assets/Prefabs/Ball.prefab using Guid(5363665b0f277ca4cb8b791d5dd68684) Importer(815301076,1909f56bfc062723c751e8b465ee728b)  -> (artifact id: '7d65d733e6f1010bfe2c282d348bc11b') in 0.251065 seconds 
========================================================================
Received Import Request.
  Time since last request: 7.685505 seconds.
  path: Assets/ARDK/ARDK.asmdef
  artifactKey: Guid(f3cc28278c88a4b43ae1ec99ea44ed56) Importer(815301076,1909f56bfc062723c751e8b465ee728b)
Start importing Assets/ARDK/ARDK.asmdef using Guid(f3cc28278c88a4b43ae1ec99ea44ed56) Importer(815301076,1909f56bfc062723c751e8b465ee728b)  -> (artifact id: '6536ca0400c9f50867916f3bedbe9374') in 0.014572 seconds 
========================================================================
Received Import Request.
  Time since last request: 165.657902 seconds.
  path: ProjectSettings/TagManager.asset
  artifactKey: Guid(00000000000000003000000000000000) Importer(815301076,1909f56bfc062723c751e8b465ee728b)
Start importing ProjectSettings/TagManager.asset using Guid(00000000000000003000000000000000) Importer(815301076,1909f56bfc062723c751e8b465ee728b)  -> (artifact id: 'ce6a35c3cddc746e7501c0bd0ed6d4ce') in 0.044340 seconds 
========================================================================
Received Import Request.
  Time since last request: 30.742746 seconds.
  path: ProjectSettings/TagManager.asset
  artifactKey: Guid(00000000000000003000000000000000) Importer(815301076,1909f56bfc062723c751e8b465ee728b)
Start importing ProjectSettings/TagManager.asset using Guid(00000000000000003000000000000000) Importer(815301076,1909f56bfc062723c751e8b465ee728b)  -> (artifact id: '65d4fc461fe82a3e0cd926042da789de') in 0.006049 seconds 
========================================================================
Received Import Request.
  Time since last request: 29.381674 seconds.
  path: Assets/Scripts
  artifactKey: Guid(dbe9363a10e0b9f489dbcafeacb3bbc2) Importer(815301076,1909f56bfc062723c751e8b465ee728b)
Start importing Assets/Scripts using Guid(dbe9363a10e0b9f489dbcafeacb3bbc2) Importer(815301076,1909f56bfc062723c751e8b465ee728b)  -> (artifact id: '797294563abc86a5f542e545c7be5bd3') in 0.011972 seconds 
========================================================================
Received Prepare
Registering precompiled user dll's ...
Registered in 0.021456 seconds.
Begin MonoManager ReloadAssembly
Native extension for WindowsStandalone target not found
Refreshing native plugins compatible for Editor in 0.82 ms, found 2 plugins.
Preloading 0 native plugins for Editor in 0.00 ms.
Mono: successfully reloaded assembly
- Completed reload, in  1.543 seconds
Domain Reload Profiling:
	ReloadAssembly (1543ms)
		BeginReloadAssembly (252ms)
			ExecutionOrderSort (0ms)
			DisableScriptedObjects (11ms)
			BackupInstance (0ms)
			ReleaseScriptingObjects (0ms)
			CreateAndSetChildDomain (66ms)
		EndReloadAssembly (1175ms)
			LoadAssemblies (248ms)
			RebuildTransferFunctionScriptingTraits (0ms)
			SetupTypeCache (447ms)
			ReleaseScriptCaches (1ms)
			RebuildScriptCaches (52ms)
			SetupLoadedEditorAssemblies (375ms)
				LogAssemblyErrors (0ms)
				InitializePlatformSupportModulesInManaged (5ms)
				SetLoadedEditorAssemblies (1ms)
				RefreshPlugins (1ms)
				BeforeProcessingInitializeOnLoad (76ms)
				ProcessInitializeOnLoadAttributes (272ms)
				ProcessInitializeOnLoadMethodAttributes (18ms)
				AfterProcessingInitializeOnLoad (2ms)
				EditorAssembliesLoaded (0ms)
			ExecutionOrderSort2 (0ms)
			AwakeInstancesAfterBackupRestoration (4ms)
Platform modules already initialized, skipping
Refreshing native plugins compatible for Editor in 0.95 ms, found 2 plugins.
Preloading 0 native plugins for Editor in 0.00 ms.
Unloading 2359 Unused Serialized files (Serialized files now loaded: 0)
System memory in use before: 96.7 MB.
System memory in use after: 96.8 MB.

Unloading 48 unused Assets to reduce memory usage. Loaded Objects now: 2792.
Total: 3.269100 ms (FindLiveObjects: 0.212900 ms CreateObjectMapping: 0.117700 ms MarkObjects: 2.814900 ms  DeleteObjects: 0.122900 ms)

AssetImportParameters requested are different than current active one (requested -> active):
  custom:framework-win-MediaFoundation: 216162199b28c13a410421893ffa2e32 -> 
  custom:video-decoder-ogg-theora: a1e56fd34408186e4bbccfd4996cb3dc -> 
  custom:container-muxer-webm: aa71ff27fc2769a1b78a27578f13a17b -> 
  custom:container-demuxer-webm: 4f35f7cbe854078d1ac9338744f61a02 -> 
  custom:container-demuxer-ogg: 62fdf1f143b41e24485cea50d1cbac27 -> 
  custom:video-encoder-webm-vp8: eb34c28f22e8b96e1ab97ce403110664 -> 
  custom:video-codec-MediaFoundation-h265: 746d11721c4dcdbdad8f713fa42b33f4 -> 
  custom:video-decoder-webm-vp8: 9c59270c3fd7afecdb556c50c9e8de78 -> 
  custom:audio-decoder-ogg-vorbis: bf7c407c2cedff20999df2af8eb42d56 -> 
  custom:audio-encoder-webm-vorbis: bf7c407c2cedff20999df2af8eb42d56 -> 
========================================================================
Received Import Request.
  Time since last request: 20.655349 seconds.
  path: Assets/Scripts/NewBehaviourScript.cs
  artifactKey: Guid(1d0be45642a24974684351a900a84935) Importer(815301076,1909f56bfc062723c751e8b465ee728b)
Start importing Assets/Scripts/NewBehaviourScript.cs using Guid(1d0be45642a24974684351a900a84935) Importer(815301076,1909f56bfc062723c751e8b465ee728b)  -> (artifact id: '7ebe0575d2ebbd042d967bdac7c85b17') in 0.018563 seconds 
========================================================================
Received Import Request.
  Time since last request: 19.958350 seconds.
  path: Assets/Scripts/SceneManager.cs
  artifactKey: Guid(1d0be45642a24974684351a900a84935) Importer(815301076,1909f56bfc062723c751e8b465ee728b)
Start importing Assets/Scripts/SceneManager.cs using Guid(1d0be45642a24974684351a900a84935) Importer(815301076,1909f56bfc062723c751e8b465ee728b)  -> (artifact id: 'da621df67e6d561d2d961c60f0fa29fa') in 0.011401 seconds 
========================================================================
Received Prepare
Registering precompiled user dll's ...
Registered in 0.013525 seconds.
Begin MonoManager ReloadAssembly
Native extension for WindowsStandalone target not found
Refreshing native plugins compatible for Editor in 4.18 ms, found 2 plugins.
Preloading 0 native plugins for Editor in 0.00 ms.
Mono: successfully reloaded assembly
- Completed reload, in  1.920 seconds
Domain Reload Profiling:
	ReloadAssembly (1921ms)
		BeginReloadAssembly (209ms)
			ExecutionOrderSort (0ms)
			DisableScriptedObjects (10ms)
			BackupInstance (0ms)
			ReleaseScriptingObjects (0ms)
			CreateAndSetChildDomain (59ms)
		EndReloadAssembly (1605ms)
			LoadAssemblies (226ms)
			RebuildTransferFunctionScriptingTraits (0ms)
			SetupTypeCache (604ms)
			ReleaseScriptCaches (3ms)
			RebuildScriptCaches (72ms)
			SetupLoadedEditorAssemblies (528ms)
				LogAssemblyErrors (0ms)
				InitializePlatformSupportModulesInManaged (7ms)
				SetLoadedEditorAssemblies (1ms)
				RefreshPlugins (5ms)
				BeforeProcessingInitializeOnLoad (108ms)
				ProcessInitializeOnLoadAttributes (378ms)
				ProcessInitializeOnLoadMethodAttributes (24ms)
				AfterProcessingInitializeOnLoad (5ms)
				EditorAssembliesLoaded (1ms)
			ExecutionOrderSort2 (0ms)
			AwakeInstancesAfterBackupRestoration (3ms)
Platform modules already initialized, skipping
Refreshing native plugins compatible for Editor in 1.03 ms, found 2 plugins.
Preloading 0 native plugins for Editor in 0.00 ms.
Unloading 2359 Unused Serialized files (Serialized files now loaded: 0)
System memory in use before: 96.7 MB.
System memory in use after: 96.8 MB.

Unloading 45 unused Assets to reduce memory usage. Loaded Objects now: 2795.
Total: 3.576900 ms (FindLiveObjects: 0.246100 ms CreateObjectMapping: 0.139300 ms MarkObjects: 3.086800 ms  DeleteObjects: 0.103700 ms)

AssetImportParameters requested are different than current active one (requested -> active):
  custom:framework-win-MediaFoundation: 216162199b28c13a410421893ffa2e32 -> 
  custom:video-decoder-ogg-theora: a1e56fd34408186e4bbccfd4996cb3dc -> 
  custom:container-muxer-webm: aa71ff27fc2769a1b78a27578f13a17b -> 
  custom:container-demuxer-webm: 4f35f7cbe854078d1ac9338744f61a02 -> 
  custom:container-demuxer-ogg: 62fdf1f143b41e24485cea50d1cbac27 -> 
  custom:video-encoder-webm-vp8: eb34c28f22e8b96e1ab97ce403110664 -> 
  custom:video-codec-MediaFoundation-h265: 746d11721c4dcdbdad8f713fa42b33f4 -> 
  custom:video-decoder-webm-vp8: 9c59270c3fd7afecdb556c50c9e8de78 -> 
  custom:audio-decoder-ogg-vorbis: bf7c407c2cedff20999df2af8eb42d56 -> 
  custom:audio-encoder-webm-vorbis: bf7c407c2cedff20999df2af8eb42d56 -> 
========================================================================
Received Prepare
Registering precompiled user dll's ...
Registered in 0.012635 seconds.
Begin MonoManager ReloadAssembly
Native extension for WindowsStandalone target not found
Refreshing native plugins compatible for Editor in 0.81 ms, found 2 plugins.
Preloading 0 native plugins for Editor in 0.00 ms.
Mono: successfully reloaded assembly
- Completed reload, in  1.343 seconds
Domain Reload Profiling:
	ReloadAssembly (1344ms)
		BeginReloadAssembly (163ms)
			ExecutionOrderSort (0ms)
			DisableScriptedObjects (7ms)
			BackupInstance (0ms)
			ReleaseScriptingObjects (0ms)
			CreateAndSetChildDomain (44ms)
		EndReloadAssembly (1103ms)
			LoadAssemblies (140ms)
			RebuildTransferFunctionScriptingTraits (0ms)
			SetupTypeCache (400ms)
			ReleaseScriptCaches (1ms)
			RebuildScriptCaches (54ms)
			SetupLoadedEditorAssemblies (362ms)
				LogAssemblyErrors (0ms)
				InitializePlatformSupportModulesInManaged (6ms)
				SetLoadedEditorAssemblies (1ms)
				RefreshPlugins (1ms)
				BeforeProcessingInitializeOnLoad (83ms)
				ProcessInitializeOnLoadAttributes (246ms)
				ProcessInitializeOnLoadMethodAttributes (23ms)
				AfterProcessingInitializeOnLoad (3ms)
				EditorAssembliesLoaded (0ms)
			ExecutionOrderSort2 (0ms)
			AwakeInstancesAfterBackupRestoration (4ms)
Platform modules already initialized, skipping
Refreshing native plugins compatible for Editor in 0.87 ms, found 2 plugins.
Preloading 0 native plugins for Editor in 0.00 ms.
Unloading 2359 Unused Serialized files (Serialized files now loaded: 0)
System memory in use before: 96.7 MB.
System memory in use after: 96.9 MB.

Unloading 45 unused Assets to reduce memory usage. Loaded Objects now: 2798.
Total: 4.231400 ms (FindLiveObjects: 0.264100 ms CreateObjectMapping: 0.158000 ms MarkObjects: 3.693600 ms  DeleteObjects: 0.114300 ms)

AssetImportParameters requested are different than current active one (requested -> active):
  custom:framework-win-MediaFoundation: 216162199b28c13a410421893ffa2e32 -> 
  custom:video-decoder-ogg-theora: a1e56fd34408186e4bbccfd4996cb3dc -> 
  custom:container-muxer-webm: aa71ff27fc2769a1b78a27578f13a17b -> 
  custom:container-demuxer-webm: 4f35f7cbe854078d1ac9338744f61a02 -> 
  custom:container-demuxer-ogg: 62fdf1f143b41e24485cea50d1cbac27 -> 
  custom:video-encoder-webm-vp8: eb34c28f22e8b96e1ab97ce403110664 -> 
  custom:video-codec-MediaFoundation-h265: 746d11721c4dcdbdad8f713fa42b33f4 -> 
  custom:video-decoder-webm-vp8: 9c59270c3fd7afecdb556c50c9e8de78 -> 
  custom:audio-decoder-ogg-vorbis: bf7c407c2cedff20999df2af8eb42d56 -> 
  custom:audio-encoder-webm-vorbis: bf7c407c2cedff20999df2af8eb42d56 -> 
========================================================================
Received Import Request.
  Time since last request: 144.463642 seconds.
  path: Assets/Scripts/SceneManager.cs
  artifactKey: Guid(1d0be45642a24974684351a900a84935) Importer(815301076,1909f56bfc062723c751e8b465ee728b)
Start importing Assets/Scripts/SceneManager.cs using Guid(1d0be45642a24974684351a900a84935) Importer(815301076,1909f56bfc062723c751e8b465ee728b)  -> (artifact id: 'f33087f1f60e4106862b3bee8350c97e') in 0.007984 seconds 
========================================================================
Received Import Request.
  Time since last request: 56.434750 seconds.
  path: Assets/ARDKExamples/WayspotAnchors/Anchor.prefab
  artifactKey: Guid(6484d8fda33c04b9488646671e593855) Importer(815301076,1909f56bfc062723c751e8b465ee728b)
Start importing Assets/ARDKExamples/WayspotAnchors/Anchor.prefab using Guid(6484d8fda33c04b9488646671e593855) Importer(815301076,1909f56bfc062723c751e8b465ee728b)  -> (artifact id: 'dda65260fe93bb6dcd86d285210655ce') in 0.712843 seconds 
========================================================================
Received Import Request.
  Time since last request: 0.000316 seconds.
  path: Assets/ARDK/Extensions/Prefabs/ARSceneCamera.prefab
  artifactKey: Guid(924a7268bfe9947e095cce9a99ed0458) Importer(815301076,1909f56bfc062723c751e8b465ee728b)
Start importing Assets/ARDK/Extensions/Prefabs/ARSceneCamera.prefab using Guid(924a7268bfe9947e095cce9a99ed0458) Importer(815301076,1909f56bfc062723c751e8b465ee728b)  -> (artifact id: 'd906962da880c0ea145198b38a015a60') in 0.024704 seconds 
========================================================================
Received Import Request.
  Time since last request: 0.000341 seconds.
  path: Assets/ARDK/Extensions/Prefabs/ARNetworkingSceneManager.prefab
  artifactKey: Guid(903492e152bd34b2b8e964fe195297e8) Importer(815301076,1909f56bfc062723c751e8b465ee728b)
Start importing Assets/ARDK/Extensions/Prefabs/ARNetworkingSceneManager.prefab using Guid(903492e152bd34b2b8e964fe195297e8) Importer(815301076,1909f56bfc062723c751e8b465ee728b)  -> (artifact id: '26fa6fea95432f3cf0a642fd4986f3cb') in 0.030656 seconds 
========================================================================
Received Import Request.
  Time since last request: 0.000317 seconds.
  path: Assets/ARDK/Extensions/Meshing/ARMesh.prefab
  artifactKey: Guid(9f82ecc5afc3c4c2695d9cf37d46f25c) Importer(815301076,1909f56bfc062723c751e8b465ee728b)
Start importing Assets/ARDK/Extensions/Meshing/ARMesh.prefab using Guid(9f82ecc5afc3c4c2695d9cf37d46f25c) Importer(815301076,1909f56bfc062723c751e8b465ee728b)  -> (artifact id: '1c6c28a23875a1739af21fc222cff152') in 0.019228 seconds 
========================================================================
Received Import Request.
  Time since last request: 0.000558 seconds.
  path: Assets/ARDK/Extensions/MapVisualization/ARMapPrefab.prefab
  artifactKey: Guid(a69a384c1d25d432da08e87e0674c9bd) Importer(815301076,1909f56bfc062723c751e8b465ee728b)
Start importing Assets/ARDK/Extensions/MapVisualization/ARMapPrefab.prefab using Guid(a69a384c1d25d432da08e87e0674c9bd) Importer(815301076,1909f56bfc062723c751e8b465ee728b)  -> (artifact id: '64682c20766fcb46c698138ea2db1f0a') in 0.201458 seconds 
========================================================================
Received Import Request.
  Time since last request: 0.000335 seconds.
  path: Assets/ARDK/Extensions/MapVisualization/ARMapVisualizationRenderer.prefab
  artifactKey: Guid(1317ae0933d8e4a1798c6426f600fcad) Importer(815301076,1909f56bfc062723c751e8b465ee728b)
Start importing Assets/ARDK/Extensions/MapVisualization/ARMapVisualizationRenderer.prefab using Guid(1317ae0933d8e4a1798c6426f600fcad) Importer(815301076,1909f56bfc062723c751e8b465ee728b)  -> (artifact id: '8d166ab2820c16fc013f69ba0707c116') in 0.018270 seconds 
========================================================================
Received Import Request.
  Time since last request: 0.000322 seconds.
  path: Assets/ARDK/Extensions/Prefabs/ARCameraPositionHistory.prefab
  artifactKey: Guid(628426794e4144aeae64e95766e3e760) Importer(815301076,1909f56bfc062723c751e8b465ee728b)
Start importing Assets/ARDK/Extensions/Prefabs/ARCameraPositionHistory.prefab using Guid(628426794e4144aeae64e95766e3e760) Importer(815301076,1909f56bfc062723c751e8b465ee728b)  -> (artifact id: '54e8655d8968e6be9949a1e65a4452d0') in 0.029934 seconds 
========================================================================
Received Import Request.
  Time since last request: 0.000385 seconds.
  path: Assets/ARDK/Extensions/Prefabs/ARSceneManager.prefab
  artifactKey: Guid(e91d6d15f11cc4ad29bb1a41ae9aa381) Importer(815301076,1909f56bfc062723c751e8b465ee728b)
Start importing Assets/ARDK/Extensions/Prefabs/ARSceneManager.prefab using Guid(e91d6d15f11cc4ad29bb1a41ae9aa381) Importer(815301076,1909f56bfc062723c751e8b465ee728b)  -> (artifact id: 'f047b2f0af19d9e2c037c91c22c38fea') in 0.013682 seconds 
========================================================================
Received Import Request.
  Time since last request: 1.694388 seconds.
  path: Assets/ARDKExamples/Common/Prefabs/AxisArrows.prefab
  artifactKey: Guid(8ea6ba9185f4246218235943a4583e17) Importer(815301076,1909f56bfc062723c751e8b465ee728b)
Start importing Assets/ARDKExamples/Common/Prefabs/AxisArrows.prefab using Guid(8ea6ba9185f4246218235943a4583e17) Importer(815301076,1909f56bfc062723c751e8b465ee728b)  -> (artifact id: 'c35272bbcf7f1443f935ce9acd71c8d0') in 0.453914 seconds 
========================================================================
Received Import Request.
  Time since last request: 0.000315 seconds.
  path: Assets/ARDKExamples/PongHLAPI/Prefabs/ConnectedIndicatorImage.prefab
  artifactKey: Guid(0dc0b4e7fd22d442483d8f40bc8d5ad3) Importer(815301076,1909f56bfc062723c751e8b465ee728b)
Start importing Assets/ARDKExamples/PongHLAPI/Prefabs/ConnectedIndicatorImage.prefab using Guid(0dc0b4e7fd22d442483d8f40bc8d5ad3) Importer(815301076,1909f56bfc062723c751e8b465ee728b)  -> (artifact id: '00154d5731294a347e8f39556e540b91') in 0.024414 seconds 
========================================================================
Received Import Request.
  Time since last request: 0.000359 seconds.
  path: Assets/ARDKExamples/PongHLAPI/Prefabs/Ball.prefab
  artifactKey: Guid(ae1596be78ed54da7a8dfc40cae0dca9) Importer(815301076,1909f56bfc062723c751e8b465ee728b)
Start importing Assets/ARDKExamples/PongHLAPI/Prefabs/Ball.prefab using Guid(ae1596be78ed54da7a8dfc40cae0dca9) Importer(815301076,1909f56bfc062723c751e8b465ee728b)  -> (artifact id: '7e494d8cfe6b2dc8734673bb30149df0') in 0.026654 seconds 
========================================================================
Received Import Request.
  Time since last request: 0.000364 seconds.
  path: Assets/ARDKExamples/Pong/Prefabs/Ball.prefab
  artifactKey: Guid(e2a253356ecde4552aa741855ff07e78) Importer(815301076,1909f56bfc062723c751e8b465ee728b)
Start importing Assets/ARDKExamples/Pong/Prefabs/Ball.prefab using Guid(e2a253356ecde4552aa741855ff07e78) Importer(815301076,1909f56bfc062723c751e8b465ee728b)  -> (artifact id: '45b11dbb397a6ee5618aaf56843356f4') in 0.017170 seconds 
========================================================================
Received Import Request.
  Time since last request: 0.000349 seconds.
  path: Assets/ARDKExamples/PongHLAPI/Prefabs/ConnectedIndicator.prefab
  artifactKey: Guid(ee1721c99b9a84f239c795fbd01bd070) Importer(815301076,1909f56bfc062723c751e8b465ee728b)
Start importing Assets/ARDKExamples/PongHLAPI/Prefabs/ConnectedIndicator.prefab using Guid(ee1721c99b9a84f239c795fbd01bd070) Importer(815301076,1909f56bfc062723c751e8b465ee728b)  -> (artifact id: '1fd5725e7eb2357291aa79b4f721a8bc') in 0.016348 seconds 
========================================================================
Received Import Request.
  Time since last request: 0.981048 seconds.
  path: Assets/ARDKExamples/Pong/Prefabs/ConnectedIndicatorImage.prefab
  artifactKey: Guid(7dc902ee5027649ecbc543afc4230504) Importer(815301076,1909f56bfc062723c751e8b465ee728b)
Start importing Assets/ARDKExamples/Pong/Prefabs/ConnectedIndicatorImage.prefab using Guid(7dc902ee5027649ecbc543afc4230504) Importer(815301076,1909f56bfc062723c751e8b465ee728b)  -> (artifact id: '8ab688907fe15f2735c5a6406204ebd8') in 0.044845 seconds 
========================================================================
Received Import Request.
  Time since last request: 0.000338 seconds.
  path: Assets/ARDKExamples/Localization/coordArrows.fbx
  artifactKey: Guid(25adae4b8f9a24813b17c4d60f57f5d9) Importer(815301076,1909f56bfc062723c751e8b465ee728b)
Start importing Assets/ARDKExamples/Localization/coordArrows.fbx using Guid(25adae4b8f9a24813b17c4d60f57f5d9) Importer(815301076,1909f56bfc062723c751e8b465ee728b)  -> (artifact id: '974bc4f00c636cfaf48107279ee3b131') in 0.248559 seconds 
========================================================================
Received Import Request.
  Time since last request: 0.160256 seconds.
  path: Assets/ARDKExamples/Common/Prefabs/Cube.prefab
  artifactKey: Guid(4482afd25fcec4068b635887261964b9) Importer(815301076,1909f56bfc062723c751e8b465ee728b)
Start importing Assets/ARDKExamples/Common/Prefabs/Cube.prefab using Guid(4482afd25fcec4068b635887261964b9) Importer(815301076,1909f56bfc062723c751e8b465ee728b)  -> (artifact id: 'e1d049537e59cc6ece394baee38f9aa9') in 0.057702 seconds 
========================================================================
Received Import Request.
  Time since last request: 0.000345 seconds.
  path: Assets/ARDKExamples/Common/Prefabs/CubeBlue.prefab
  artifactKey: Guid(a5a90e4ee8f7647c4a0f2f394f2fda71) Importer(815301076,1909f56bfc062723c751e8b465ee728b)
Start importing Assets/ARDKExamples/Common/Prefabs/CubeBlue.prefab using Guid(a5a90e4ee8f7647c4a0f2f394f2fda71) Importer(815301076,1909f56bfc062723c751e8b465ee728b)  -> (artifact id: 'd1549915cf5b1ba054d0e75f5e215d01') in 0.024532 seconds 
========================================================================
Received Import Request.
  Time since last request: 0.122059 seconds.
  path: Assets/ARDKExamples/Common/Prefabs/CubeGreen.prefab
  artifactKey: Guid(c501d75b5cf654d09ae481f31a1d21cd) Importer(815301076,1909f56bfc062723c751e8b465ee728b)
Start importing Assets/ARDKExamples/Common/Prefabs/CubeGreen.prefab using Guid(c501d75b5cf654d09ae481f31a1d21cd) Importer(815301076,1909f56bfc062723c751e8b465ee728b)  -> (artifact id: 'a374284638c556531cca2e507c042dfe') in 0.077603 seconds 
========================================================================
Received Import Request.
  Time since last request: 0.000540 seconds.
  path: Assets/ARDKExamples/Common/Prefabs/CubeOrange.prefab
  artifactKey: Guid(4b5664054f6ff44c4a8332ab5467fe09) Importer(815301076,1909f56bfc062723c751e8b465ee728b)
Start importing Assets/ARDKExamples/Common/Prefabs/CubeOrange.prefab using Guid(4b5664054f6ff44c4a8332ab5467fe09) Importer(815301076,1909f56bfc062723c751e8b465ee728b)  -> (artifact id: '26e354fec10f9eddd575b2af885ff682') in 0.045070 seconds 
========================================================================
Received Import Request.
  Time since last request: 2.175141 seconds.
  path: Assets/ARDKExamples/Common/Prefabs/CubeRed.prefab
  artifactKey: Guid(e69f7990a5ec044f69ce718c2597a16d) Importer(815301076,1909f56bfc062723c751e8b465ee728b)
Start importing Assets/ARDKExamples/Common/Prefabs/CubeRed.prefab using Guid(e69f7990a5ec044f69ce718c2597a16d) Importer(815301076,1909f56bfc062723c751e8b465ee728b)  -> (artifact id: 'f28a453a7ca8473792c99221c38e0a96') in 0.027582 seconds 
========================================================================
Received Import Request.
  Time since last request: 0.000347 seconds.
  path: Assets/ARDKExamples/Common/Prefabs/Yeti/Source/cursor_export.fbx
  artifactKey: Guid(d12ed7d664ec4402a976eb90875258c0) Importer(815301076,1909f56bfc062723c751e8b465ee728b)
Start importing Assets/ARDKExamples/Common/Prefabs/Yeti/Source/cursor_export.fbx using Guid(d12ed7d664ec4402a976eb90875258c0) Importer(815301076,1909f56bfc062723c751e8b465ee728b)  -> (artifact id: 'bd2260c8605b33904620ae439773ade3') in 0.055716 seconds 
========================================================================
Received Import Request.
  Time since last request: 0.086520 seconds.
  path: Assets/ARDK/Extensions/Planefinding/DebugPlane.prefab
  artifactKey: Guid(4acc747cb290c4a2ab62bc6239fee1b2) Importer(815301076,1909f56bfc062723c751e8b465ee728b)
Start importing Assets/ARDK/Extensions/Planefinding/DebugPlane.prefab using Guid(4acc747cb290c4a2ab62bc6239fee1b2) Importer(815301076,1909f56bfc062723c751e8b465ee728b)  -> (artifact id: '81089113955a8950f92776aa7374eb44') in 0.124381 seconds 
========================================================================
Received Import Request.
  Time since last request: 0.000340 seconds.
  path: Assets/ARDKExamples/Common/Prefabs/Yeti/Source/Footprint.prefab
  artifactKey: Guid(8ca4a91d34fe34128bbdd32200a968ed) Importer(815301076,1909f56bfc062723c751e8b465ee728b)
Start importing Assets/ARDKExamples/Common/Prefabs/Yeti/Source/Footprint.prefab using Guid(8ca4a91d34fe34128bbdd32200a968ed) Importer(815301076,1909f56bfc062723c751e8b465ee728b)  -> (artifact id: '86c84469d363e363dbcf3e59f2127d6c') in 0.074808 seconds 
========================================================================
Received Import Request.
  Time since last request: 0.000379 seconds.
  path: Assets/ARDK/Extensions/Meshing/MeshChunk.prefab
  artifactKey: Guid(b79f4734d3e2462186a55d546e80cfb4) Importer(815301076,1909f56bfc062723c751e8b465ee728b)
Start importing Assets/ARDK/Extensions/Meshing/MeshChunk.prefab using Guid(b79f4734d3e2462186a55d546e80cfb4) Importer(815301076,1909f56bfc062723c751e8b465ee728b)  -> (artifact id: '8271dadc41420fe549742552e172139f') in 0.014321 seconds 
========================================================================
Received Import Request.
  Time since last request: 0.000363 seconds.
  path: Assets/ARDK/Extensions/Gameboard/GameboardMeshChunk.prefab
  artifactKey: Guid(d0183eaba3a4c44e9aafc695278e1e9d) Importer(815301076,1909f56bfc062723c751e8b465ee728b)
Start importing Assets/ARDK/Extensions/Gameboard/GameboardMeshChunk.prefab using Guid(d0183eaba3a4c44e9aafc695278e1e9d) Importer(815301076,1909f56bfc062723c751e8b465ee728b)  -> (artifact id: 'ec018f50d2992ce220909ae9a5566b34') in 0.017090 seconds 
========================================================================
Received Import Request.
  Time since last request: 0.000343 seconds.
  path: Assets/ARDK/Extensions/FacePrefab.prefab
  artifactKey: Guid(1a351732d8dee472583b34d9c7b634a6) Importer(815301076,1909f56bfc062723c751e8b465ee728b)
Start importing Assets/ARDK/Extensions/FacePrefab.prefab using Guid(1a351732d8dee472583b34d9c7b634a6) Importer(815301076,1909f56bfc062723c751e8b465ee728b)  -> (artifact id: '4fa21b498547f4f224e19e131396160c') in 0.014806 seconds 
========================================================================
Received Import Request.
  Time since last request: 0.000372 seconds.
  path: Assets/ARDKExamples/Common/Logging/LogEntry.prefab
  artifactKey: Guid(728f0293d5062462bbdb3c51cdba5d35) Importer(815301076,1909f56bfc062723c751e8b465ee728b)
Start importing Assets/ARDKExamples/Common/Logging/LogEntry.prefab using Guid(728f0293d5062462bbdb3c51cdba5d35) Importer(815301076,1909f56bfc062723c751e8b465ee728b)  -> (artifact id: '9d839a9bfa7fcc3f98828637e2ac2daf') in 0.024202 seconds 
========================================================================
Received Import Request.
  Time since last request: 0.195651 seconds.
  path: Assets/ARDK/Extensions/Meshing/MeshColliderChunk.prefab
  artifactKey: Guid(99a6454115a034b2e9add187cf73f9eb) Importer(815301076,1909f56bfc062723c751e8b465ee728b)
Start importing Assets/ARDK/Extensions/Meshing/MeshColliderChunk.prefab using Guid(99a6454115a034b2e9add187cf73f9eb) Importer(815301076,1909f56bfc062723c751e8b465ee728b)  -> (artifact id: '25f2b27d43bd9fc797f555b95bb07df8') in 0.050454 seconds 
========================================================================
Received Import Request.
  Time since last request: 0.000362 seconds.
  path: Assets/ARDKExamples/ContextAwareness/Meshing/MeshLoader.prefab
  artifactKey: Guid(dfb2a6adcae7042cab34590cd4290185) Importer(815301076,1909f56bfc062723c751e8b465ee728b)
Start importing Assets/ARDKExamples/ContextAwareness/Meshing/MeshLoader.prefab using Guid(dfb2a6adcae7042cab34590cd4290185) Importer(815301076,1909f56bfc062723c751e8b465ee728b)  -> (artifact id: '925c4848d7082e99eb47c3804351e89c') in 0.015949 seconds 
========================================================================
Received Import Request.
  Time since last request: 0.000321 seconds.
  path: Assets/ARDK/Extensions/Planefinding/PlaneRenderer.prefab
  artifactKey: Guid(f743302a2f9034b29bb74934bb56402b) Importer(815301076,1909f56bfc062723c751e8b465ee728b)
Start importing Assets/ARDK/Extensions/Planefinding/PlaneRenderer.prefab using Guid(f743302a2f9034b29bb74934bb56402b) Importer(815301076,1909f56bfc062723c751e8b465ee728b)  -> (artifact id: '80aeb48d32ba97ba7a014e590e695964') in 0.020540 seconds 
========================================================================
Received Import Request.
  Time since last request: 0.000373 seconds.
  path: Assets/ARDKExamples/Common/Prefabs/MsgText.prefab
  artifactKey: Guid(b9adea07271a24844898c7b8c863217a) Importer(815301076,1909f56bfc062723c751e8b465ee728b)
Start importing Assets/ARDKExamples/Common/Prefabs/MsgText.prefab using Guid(b9adea07271a24844898c7b8c863217a) Importer(815301076,1909f56bfc062723c751e8b465ee728b)  -> (artifact id: 'ba5b37db0f8358cad99e92d5d689c394') in 0.016751 seconds 
========================================================================
Received Import Request.
  Time since last request: 0.000287 seconds.
  path: Assets/ARDKExamples/Common/Helpers/Networking/NetworkStatusIndicator.prefab
  artifactKey: Guid(f5d83f22ee5854644a5e1d28384d3ab9) Importer(815301076,1909f56bfc062723c751e8b465ee728b)
Start importing Assets/ARDKExamples/Common/Helpers/Networking/NetworkStatusIndicator.prefab using Guid(f5d83f22ee5854644a5e1d28384d3ab9) Importer(815301076,1909f56bfc062723c751e8b465ee728b)  -> (artifact id: '0e8d21c868edf977243f3ba3774d165d') in 0.022426 seconds 
========================================================================
Received Import Request.
  Time since last request: 0.000308 seconds.
  path: Assets/ARDKExamples/Common/Prefabs/PeerPoseIndicator.prefab
  artifactKey: Guid(fbafb99531bc2463eb155ae28235d7c9) Importer(815301076,1909f56bfc062723c751e8b465ee728b)
Start importing Assets/ARDKExamples/Common/Prefabs/PeerPoseIndicator.prefab using Guid(fbafb99531bc2463eb155ae28235d7c9) Importer(815301076,1909f56bfc062723c751e8b465ee728b)  -> (artifact id: '6e58cb6e625d06e4a1eacfa06808171b') in 0.027033 seconds 
========================================================================
Received Import Request.
  Time since last request: 0.000315 seconds.
  path: Assets/ARDKExamples/Pong/Prefabs/Player 1.prefab
  artifactKey: Guid(3495038ca635a45c29402826cbab2ffe) Importer(815301076,1909f56bfc062723c751e8b465ee728b)
Start importing Assets/ARDKExamples/Pong/Prefabs/Player 1.prefab using Guid(3495038ca635a45c29402826cbab2ffe) Importer(815301076,1909f56bfc062723c751e8b465ee728b)  -> (artifact id: 'ac60c395b2bf171fa5528c12ff158df2') in 0.113176 seconds 
========================================================================
Received Import Request.
  Time since last request: 0.000378 seconds.
  path: Assets/ARDKExamples/Common/Helpers/Networking/SyncStateTrackingList.prefab
  artifactKey: Guid(268571b87afb040ec863002de7c0690f) Importer(815301076,1909f56bfc062723c751e8b465ee728b)
Start importing Assets/ARDKExamples/Common/Helpers/Networking/SyncStateTrackingList.prefab using Guid(268571b87afb040ec863002de7c0690f) Importer(815301076,1909f56bfc062723c751e8b465ee728b)  -> (artifact id: 'ba24b4eefc66905d098e8f6ed3f6e206') in 0.034008 seconds 
========================================================================
Received Import Request.
  Time since last request: 0.000282 seconds.
  path: Assets/ARDKExamples/VpsCoverage/VpsTargetListItem.prefab
  artifactKey: Guid(b7eb66d7e93de4b66ba7a707aa1f42f9) Importer(815301076,1909f56bfc062723c751e8b465ee728b)
Start importing Assets/ARDKExamples/VpsCoverage/VpsTargetListItem.prefab using Guid(b7eb66d7e93de4b66ba7a707aa1f42f9) Importer(815301076,1909f56bfc062723c751e8b465ee728b)  -> (artifact id: 'e321b947a522d3b3e9b64ca5318af375') in 0.055993 seconds 
========================================================================
Received Import Request.
  Time since last request: 0.000601 seconds.
  path: Assets/ARDKExamples/Common/Prefabs/SmallCubeOrange.prefab
  artifactKey: Guid(9d8db845d71294e1ea024a46c1e08d99) Importer(815301076,1909f56bfc062723c751e8b465ee728b)
Start importing Assets/ARDKExamples/Common/Prefabs/SmallCubeOrange.prefab using Guid(9d8db845d71294e1ea024a46c1e08d99) Importer(815301076,1909f56bfc062723c751e8b465ee728b)  -> (artifact id: 'ec10783eef385ecf65e19b112fb13d0b') in 0.035538 seconds 
========================================================================
Received Import Request.
  Time since last request: 0.000311 seconds.
  path: Assets/ARDKExamples/ContextAwareness/Gameboard/YetiAgent.prefab
  artifactKey: Guid(ac9cd76dd4c754173bf975a1036893bd) Importer(815301076,1909f56bfc062723c751e8b465ee728b)
Start importing Assets/ARDKExamples/ContextAwareness/Gameboard/YetiAgent.prefab using Guid(ac9cd76dd4c754173bf975a1036893bd) Importer(815301076,1909f56bfc062723c751e8b465ee728b)  -> (artifact id: '89d0e866145277cafa2863dd630e4559') in 0.319359 seconds 
========================================================================
Received Import Request.
  Time since last request: 0.000362 seconds.
  path: Assets/ARDKExamples/Common/Prefabs/Yeti/Yeti.prefab
  artifactKey: Guid(ad902307b5dbb4189b266a0baca24947) Importer(815301076,1909f56bfc062723c751e8b465ee728b)
Start importing Assets/ARDKExamples/Common/Prefabs/Yeti/Yeti.prefab using Guid(ad902307b5dbb4189b266a0baca24947) Importer(815301076,1909f56bfc062723c751e8b465ee728b)  -> (artifact id: 'bdc80f33e3a81ad7fd1d4a51f94ae48f') in 0.148203 seconds 
========================================================================
Received Import Request.
  Time since last request: 0.000387 seconds.
  path: Assets/ARDKExamples/Common/Prefabs/SmallCubeRed.prefab
  artifactKey: Guid(76ba85fefaf7241309223118c83bab7c) Importer(815301076,1909f56bfc062723c751e8b465ee728b)
Start importing Assets/ARDKExamples/Common/Prefabs/SmallCubeRed.prefab using Guid(76ba85fefaf7241309223118c83bab7c) Importer(815301076,1909f56bfc062723c751e8b465ee728b)  -> (artifact id: '1bd77148652c21219a28a61cda247e5a') in 0.023692 seconds 
========================================================================
Received Import Request.
  Time since last request: 0.000350 seconds.
  path: Assets/ARDKExamples/Common/Prefabs/Plane.prefab
  artifactKey: Guid(e74e134ee718b4fa6826f648e5278b60) Importer(815301076,1909f56bfc062723c751e8b465ee728b)
Start importing Assets/ARDKExamples/Common/Prefabs/Plane.prefab using Guid(e74e134ee718b4fa6826f648e5278b60) Importer(815301076,1909f56bfc062723c751e8b465ee728b)  -> (artifact id: '47d48b4ae32a42daf782e1d9a61bb6af') in 0.022286 seconds 
========================================================================
Received Import Request.
  Time since last request: 0.000333 seconds.
  path: Assets/ARDKExamples/Common/Helpers/Networking/PlayerColor.prefab
  artifactKey: Guid(aef5d296fd1f84f2eb9b70b9248fbdc6) Importer(815301076,1909f56bfc062723c751e8b465ee728b)
Start importing Assets/ARDKExamples/Common/Helpers/Networking/PlayerColor.prefab using Guid(aef5d296fd1f84f2eb9b70b9248fbdc6) Importer(815301076,1909f56bfc062723c751e8b465ee728b)  -> (artifact id: 'fbd966fe6adb688eeffabe6af9c2599e') in 0.015301 seconds 
========================================================================
Received Import Request.
  Time since last request: 0.000280 seconds.
  path: Assets/ARDKExamples/Common/Prefabs/SmallCubeGreen.prefab
  artifactKey: Guid(ec05375dce88b4689ab943c16ba5cec7) Importer(815301076,1909f56bfc062723c751e8b465ee728b)
Start importing Assets/ARDKExamples/Common/Prefabs/SmallCubeGreen.prefab using Guid(ec05375dce88b4689ab943c16ba5cec7) Importer(815301076,1909f56bfc062723c751e8b465ee728b)  -> (artifact id: 'b8f8cfbb3f1db2038d7b790154b033e6') in 0.023306 seconds 
========================================================================
Received Import Request.
  Time since last request: 0.000284 seconds.
  path: Assets/ARDKExamples/PongHLAPI/Prefabs/Tabletop.prefab
  artifactKey: Guid(515fc5a3d7d444278886f0ab63297e23) Importer(815301076,1909f56bfc062723c751e8b465ee728b)
Start importing Assets/ARDKExamples/PongHLAPI/Prefabs/Tabletop.prefab using Guid(515fc5a3d7d444278886f0ab63297e23) Importer(815301076,1909f56bfc062723c751e8b465ee728b)  -> (artifact id: 'a7419db31b342bd2a4c1f70a55e1b474') in 0.028646 seconds 
========================================================================
Received Import Request.
  Time since last request: 0.000346 seconds.
  path: Assets/ARDKExamples/Common/Prefabs/Yeti/Source/yeti_rig_straps.fbx
  artifactKey: Guid(ef23f1b18d6774346a871b513bc9252a) Importer(815301076,1909f56bfc062723c751e8b465ee728b)
Start importing Assets/ARDKExamples/Common/Prefabs/Yeti/Source/yeti_rig_straps.fbx using Guid(ef23f1b18d6774346a871b513bc9252a) Importer(815301076,1909f56bfc062723c751e8b465ee728b)  -> (artifact id: '63e4e4a68d318d1ce8b2b4078e6a5605') in 0.174314 seconds 
========================================================================
Received Import Request.
  Time since last request: 0.000424 seconds.
  path: Assets/ARDKExamples/Common/Helpers/Networking/SyncStatusDisplay.prefab
  artifactKey: Guid(def2b0297918e4d19b2f3fc8592159d8) Importer(815301076,1909f56bfc062723c751e8b465ee728b)
Start importing Assets/ARDKExamples/Common/Helpers/Networking/SyncStatusDisplay.prefab using Guid(def2b0297918e4d19b2f3fc8592159d8) Importer(815301076,1909f56bfc062723c751e8b465ee728b)  -> (artifact id: 'f92fe746f4f0d138b7c317df99d9fdb4') in 0.020530 seconds 
========================================================================
Received Import Request.
  Time since last request: 0.000383 seconds.
  path: Assets/ARDK/Extensions/Planefinding/PlanePrefab.prefab
  artifactKey: Guid(98e455e2ba6ba413287f8cd497d4b08e) Importer(815301076,1909f56bfc062723c751e8b465ee728b)
Start importing Assets/ARDK/Extensions/Planefinding/PlanePrefab.prefab using Guid(98e455e2ba6ba413287f8cd497d4b08e) Importer(815301076,1909f56bfc062723c751e8b465ee728b)  -> (artifact id: '4d0c3201d4b2a7ed94f811267d5d6763') in 0.030259 seconds 
========================================================================
Received Import Request.
  Time since last request: 0.000417 seconds.
  path: Assets/ARDKExamples/Pong/Prefabs/Tabletop.prefab
  artifactKey: Guid(b4c5c2d6ee3814a8882076f39a397d6d) Importer(815301076,1909f56bfc062723c751e8b465ee728b)
Start importing Assets/ARDKExamples/Pong/Prefabs/Tabletop.prefab using Guid(b4c5c2d6ee3814a8882076f39a397d6d) Importer(815301076,1909f56bfc062723c751e8b465ee728b)  -> (artifact id: 'ebbb329a734dfd2de49c0519bd10e894') in 0.017548 seconds 
========================================================================
Received Import Request.
  Time since last request: 0.000400 seconds.
  path: Assets/ARDKExamples/PongHLAPI/Prefabs/Player 1.prefab
  artifactKey: Guid(c562164b550944faab60f61b45f90e84) Importer(815301076,1909f56bfc062723c751e8b465ee728b)
Start importing Assets/ARDKExamples/PongHLAPI/Prefabs/Player 1.prefab using Guid(c562164b550944faab60f61b45f90e84) Importer(815301076,1909f56bfc062723c751e8b465ee728b)  -> (artifact id: '1530ed12b78cb2ee60133bcd7d695359') in 0.017222 seconds 
========================================================================
Received Import Request.
  Time since last request: 0.000322 seconds.
  path: Assets/ARDKExamples/Common/Helpers/Networking/SyncStateHelpText.prefab
  artifactKey: Guid(4a80c165b9066466dbb42ed6107b13aa) Importer(815301076,1909f56bfc062723c751e8b465ee728b)
Start importing Assets/ARDKExamples/Common/Helpers/Networking/SyncStateHelpText.prefab using Guid(4a80c165b9066466dbb42ed6107b13aa) Importer(815301076,1909f56bfc062723c751e8b465ee728b)  -> (artifact id: '507a4209457dce5b56986b710da605fe') in 0.021795 seconds 
========================================================================
Received Import Request.
  Time since last request: 0.000377 seconds.
  path: Assets/ARDKExamples/Common/Helpers/Networking/SyncStateTrackedPeer.prefab
  artifactKey: Guid(f314239e2accd49d8a5249bea43e31d6) Importer(815301076,1909f56bfc062723c751e8b465ee728b)
Start importing Assets/ARDKExamples/Common/Helpers/Networking/SyncStateTrackedPeer.prefab using Guid(f314239e2accd49d8a5249bea43e31d6) Importer(815301076,1909f56bfc062723c751e8b465ee728b)  -> (artifact id: '316b0979f69465d4dac869b2e78193d9') in 0.016348 seconds 
========================================================================
Received Import Request.
  Time since last request: 0.000349 seconds.
  path: Assets/ARDKExamples/Common/Helpers/Networking/SessionIDField.prefab
  artifactKey: Guid(f8d39701d4e29402a87179e5cf1fb258) Importer(815301076,1909f56bfc062723c751e8b465ee728b)
Start importing Assets/ARDKExamples/Common/Helpers/Networking/SessionIDField.prefab using Guid(f8d39701d4e29402a87179e5cf1fb258) Importer(815301076,1909f56bfc062723c751e8b465ee728b)  -> (artifact id: 'b85bbdc893b6b05de3d58c26c49928c7') in 0.026351 seconds 
========================================================================
Received Import Request.
  Time since last request: 0.000339 seconds.
  path: Assets/ARDKExamples/Common/Prefabs/SmallCube.prefab
  artifactKey: Guid(0b42fca8107c442648dca14c10953b81) Importer(815301076,1909f56bfc062723c751e8b465ee728b)
Start importing Assets/ARDKExamples/Common/Prefabs/SmallCube.prefab using Guid(0b42fca8107c442648dca14c10953b81) Importer(815301076,1909f56bfc062723c751e8b465ee728b)  -> (artifact id: 'cb88d77abc42753e2575769e0a0371d2') in 0.022376 seconds 
========================================================================
Received Import Request.
  Time since last request: 0.000398 seconds.
  path: Assets/ARDKExamples/Common/Prefabs/Yeti/Source/Shadow/Shadow.prefab
  artifactKey: Guid(f29113ad8c3204f28b1e7d0e1b5893a6) Importer(815301076,1909f56bfc062723c751e8b465ee728b)
Start importing Assets/ARDKExamples/Common/Prefabs/Yeti/Source/Shadow/Shadow.prefab using Guid(f29113ad8c3204f28b1e7d0e1b5893a6) Importer(815301076,1909f56bfc062723c751e8b465ee728b)  -> (artifact id: '8293de1497bc44ac852cf45410a28fab') in 0.029682 seconds 
========================================================================
Received Import Request.
  Time since last request: 0.000449 seconds.
  path: Assets/ARDKExamples/Common/Logging/ScrollingLog.prefab
  artifactKey: Guid(53d58211943764d66a747d5ba617615e) Importer(815301076,1909f56bfc062723c751e8b465ee728b)
Start importing Assets/ARDKExamples/Common/Logging/ScrollingLog.prefab using Guid(53d58211943764d66a747d5ba617615e) Importer(815301076,1909f56bfc062723c751e8b465ee728b)  -> (artifact id: 'd682c3e5fcbd0c3e67ac9d079b479ab6') in 0.065454 seconds 
========================================================================
Received Import Request.
  Time since last request: 0.000434 seconds.
  path: Assets/ARDKExamples/VirtualStudio/PlayerPrefab.prefab
  artifactKey: Guid(f031e2b1b8e1b4f3699cecf8c3d87559) Importer(815301076,1909f56bfc062723c751e8b465ee728b)
Start importing Assets/ARDKExamples/VirtualStudio/PlayerPrefab.prefab using Guid(f031e2b1b8e1b4f3699cecf8c3d87559) Importer(815301076,1909f56bfc062723c751e8b465ee728b)  -> (artifact id: '04436583aa0ff423b9b941f06dea2c6e') in 0.032732 seconds 
========================================================================
Received Import Request.
  Time since last request: 0.000316 seconds.
  path: Assets/ARDKExamples/Common/Prefabs/SmallCubeBlue.prefab
  artifactKey: Guid(bd72bae70b74d4f65bfd46a82dc98fcb) Importer(815301076,1909f56bfc062723c751e8b465ee728b)
Start importing Assets/ARDKExamples/Common/Prefabs/SmallCubeBlue.prefab using Guid(bd72bae70b74d4f65bfd46a82dc98fcb) Importer(815301076,1909f56bfc062723c751e8b465ee728b)  -> (artifact id: '7d1ce01ec37533f701b7a2dcfa06c0e1') in 0.028369 seconds 
========================================================================
Received Prepare
Registering precompiled user dll's ...
Registered in 0.051435 seconds.
Begin MonoManager ReloadAssembly
Native extension for WindowsStandalone target not found
Refreshing native plugins compatible for Editor in 0.88 ms, found 2 plugins.
Preloading 0 native plugins for Editor in 0.00 ms.
Mono: successfully reloaded assembly
- Completed reload, in  1.626 seconds
Domain Reload Profiling:
	ReloadAssembly (1627ms)
		BeginReloadAssembly (170ms)
			ExecutionOrderSort (0ms)
			DisableScriptedObjects (9ms)
			BackupInstance (0ms)
			ReleaseScriptingObjects (0ms)
			CreateAndSetChildDomain (55ms)
		EndReloadAssembly (1368ms)
			LoadAssemblies (169ms)
			RebuildTransferFunctionScriptingTraits (0ms)
			SetupTypeCache (539ms)
			ReleaseScriptCaches (1ms)
			RebuildScriptCaches (59ms)
			SetupLoadedEditorAssemblies (446ms)
				LogAssemblyErrors (0ms)
				InitializePlatformSupportModulesInManaged (7ms)
				SetLoadedEditorAssemblies (1ms)
				RefreshPlugins (1ms)
				BeforeProcessingInitializeOnLoad (84ms)
				ProcessInitializeOnLoadAttributes (313ms)
				ProcessInitializeOnLoadMethodAttributes (31ms)
				AfterProcessingInitializeOnLoad (8ms)
				EditorAssembliesLoaded (0ms)
			ExecutionOrderSort2 (0ms)
			AwakeInstancesAfterBackupRestoration (5ms)
Platform modules already initialized, skipping
Refreshing native plugins compatible for Editor in 0.84 ms, found 2 plugins.
Preloading 0 native plugins for Editor in 0.00 ms.
Unloading 2359 Unused Serialized files (Serialized files now loaded: 0)
System memory in use before: 111.1 MB.
System memory in use after: 111.2 MB.

Unloading 51 unused Assets to reduce memory usage. Loaded Objects now: 2818.
Total: 5.112800 ms (FindLiveObjects: 0.218300 ms CreateObjectMapping: 0.144900 ms MarkObjects: 4.554500 ms  DeleteObjects: 0.193400 ms)

AssetImportParameters requested are different than current active one (requested -> active):
  custom:framework-win-MediaFoundation: 216162199b28c13a410421893ffa2e32 -> 
  custom:video-decoder-ogg-theora: a1e56fd34408186e4bbccfd4996cb3dc -> 
  custom:container-muxer-webm: aa71ff27fc2769a1b78a27578f13a17b -> 
  custom:container-demuxer-webm: 4f35f7cbe854078d1ac9338744f61a02 -> 
  custom:container-demuxer-ogg: 62fdf1f143b41e24485cea50d1cbac27 -> 
  custom:video-encoder-webm-vp8: eb34c28f22e8b96e1ab97ce403110664 -> 
  custom:video-codec-MediaFoundation-h265: 746d11721c4dcdbdad8f713fa42b33f4 -> 
  custom:video-decoder-webm-vp8: 9c59270c3fd7afecdb556c50c9e8de78 -> 
  custom:audio-decoder-ogg-vorbis: bf7c407c2cedff20999df2af8eb42d56 -> 
  custom:audio-encoder-webm-vorbis: bf7c407c2cedff20999df2af8eb42d56 -> 
========================================================================
Received Import Request.
  Time since last request: 300.925614 seconds.
  path: Assets/ARDK/Extensions/Meshing
  artifactKey: Guid(7bf738719bcd48329b2fd7f8b463f61c) Importer(815301076,1909f56bfc062723c751e8b465ee728b)
Start importing Assets/ARDK/Extensions/Meshing using Guid(7bf738719bcd48329b2fd7f8b463f61c) Importer(815301076,1909f56bfc062723c751e8b465ee728b)  -> (artifact id: '2c1e7ff9164403ff904df15675845922') in 0.068760 seconds 
========================================================================
Received Prepare
Registering precompiled user dll's ...
Registered in 0.010399 seconds.
Begin MonoManager ReloadAssembly
Native extension for WindowsStandalone target not found
Refreshing native plugins compatible for Editor in 0.89 ms, found 2 plugins.
Preloading 0 native plugins for Editor in 0.00 ms.
Mono: successfully reloaded assembly
- Completed reload, in  1.177 seconds
Domain Reload Profiling:
	ReloadAssembly (1178ms)
		BeginReloadAssembly (138ms)
			ExecutionOrderSort (0ms)
			DisableScriptedObjects (7ms)
			BackupInstance (0ms)
			ReleaseScriptingObjects (0ms)
			CreateAndSetChildDomain (41ms)
		EndReloadAssembly (968ms)
			LoadAssemblies (123ms)
			RebuildTransferFunctionScriptingTraits (0ms)
			SetupTypeCache (384ms)
			ReleaseScriptCaches (1ms)
			RebuildScriptCaches (44ms)
			SetupLoadedEditorAssemblies (319ms)
				LogAssemblyErrors (0ms)
				InitializePlatformSupportModulesInManaged (5ms)
				SetLoadedEditorAssemblies (1ms)
				RefreshPlugins (1ms)
				BeforeProcessingInitializeOnLoad (62ms)
				ProcessInitializeOnLoadAttributes (228ms)
				ProcessInitializeOnLoadMethodAttributes (18ms)
				AfterProcessingInitializeOnLoad (3ms)
				EditorAssembliesLoaded (0ms)
			ExecutionOrderSort2 (0ms)
			AwakeInstancesAfterBackupRestoration (3ms)
Platform modules already initialized, skipping
Refreshing native plugins compatible for Editor in 0.78 ms, found 2 plugins.
Preloading 0 native plugins for Editor in 0.00 ms.
Unloading 2359 Unused Serialized files (Serialized files now loaded: 0)
System memory in use before: 111.0 MB.
System memory in use after: 111.1 MB.

Unloading 45 unused Assets to reduce memory usage. Loaded Objects now: 2821.
Total: 3.446600 ms (FindLiveObjects: 0.221800 ms CreateObjectMapping: 0.119000 ms MarkObjects: 2.940800 ms  DeleteObjects: 0.163900 ms)

AssetImportParameters requested are different than current active one (requested -> active):
  custom:framework-win-MediaFoundation: 216162199b28c13a410421893ffa2e32 -> 
  custom:video-decoder-ogg-theora: a1e56fd34408186e4bbccfd4996cb3dc -> 
  custom:container-muxer-webm: aa71ff27fc2769a1b78a27578f13a17b -> 
  custom:container-demuxer-webm: 4f35f7cbe854078d1ac9338744f61a02 -> 
  custom:container-demuxer-ogg: 62fdf1f143b41e24485cea50d1cbac27 -> 
  custom:video-encoder-webm-vp8: eb34c28f22e8b96e1ab97ce403110664 -> 
  custom:video-codec-MediaFoundation-h265: 746d11721c4dcdbdad8f713fa42b33f4 -> 
  custom:video-decoder-webm-vp8: 9c59270c3fd7afecdb556c50c9e8de78 -> 
  custom:audio-decoder-ogg-vorbis: bf7c407c2cedff20999df2af8eb42d56 -> 
  custom:audio-encoder-webm-vorbis: bf7c407c2cedff20999df2af8eb42d56 -> 
========================================================================
Received Prepare
Registering precompiled user dll's ...
Registered in 0.012988 seconds.
Begin MonoManager ReloadAssembly
Native extension for WindowsStandalone target not found
Refreshing native plugins compatible for Editor in 0.78 ms, found 2 plugins.
Preloading 0 native plugins for Editor in 0.00 ms.
Mono: successfully reloaded assembly
- Completed reload, in  1.510 seconds
Domain Reload Profiling:
	ReloadAssembly (1511ms)
		BeginReloadAssembly (167ms)
			ExecutionOrderSort (0ms)
			DisableScriptedObjects (7ms)
			BackupInstance (0ms)
			ReleaseScriptingObjects (0ms)
			CreateAndSetChildDomain (48ms)
		EndReloadAssembly (1266ms)
			LoadAssemblies (156ms)
			RebuildTransferFunctionScriptingTraits (0ms)
			SetupTypeCache (423ms)
			ReleaseScriptCaches (1ms)
			RebuildScriptCaches (60ms)
			SetupLoadedEditorAssemblies (461ms)
				LogAssemblyErrors (0ms)
				InitializePlatformSupportModulesInManaged (5ms)
				SetLoadedEditorAssemblies (1ms)
				RefreshPlugins (1ms)
				BeforeProcessingInitializeOnLoad (113ms)
				ProcessInitializeOnLoadAttributes (320ms)
				ProcessInitializeOnLoadMethodAttributes (18ms)
				AfterProcessingInitializeOnLoad (3ms)
				EditorAssembliesLoaded (0ms)
			ExecutionOrderSort2 (0ms)
			AwakeInstancesAfterBackupRestoration (3ms)
Platform modules already initialized, skipping
Switching build target platform(19) subTarget(0) extendedPlatform(0) -> platform(13) subTarget(537395200) extendedPlatform(0)
Refreshing native plugins compatible for Editor in 0.93 ms, found 2 plugins.
Preloading 0 native plugins for Editor in 0.00 ms.
Unloading 2363 Unused Serialized files (Serialized files now loaded: 0)
System memory in use before: 110.9 MB.
System memory in use after: 111.1 MB.

Unloading 45 unused Assets to reduce memory usage. Loaded Objects now: 2824.
Total: 4.590300 ms (FindLiveObjects: 0.370300 ms CreateObjectMapping: 0.316300 ms MarkObjects: 3.748200 ms  DeleteObjects: 0.153600 ms)

AssetImportParameters requested are different than current active one (requested -> active):
  custom:framework-win-MediaFoundation: 216162199b28c13a410421893ffa2e32 -> 
  custom:video-decoder-ogg-theora: a1e56fd34408186e4bbccfd4996cb3dc -> 
  custom:container-muxer-webm: aa71ff27fc2769a1b78a27578f13a17b -> 
  custom:container-demuxer-webm: 4f35f7cbe854078d1ac9338744f61a02 -> 
  custom:container-demuxer-ogg: 62fdf1f143b41e24485cea50d1cbac27 -> 
  custom:video-encoder-webm-vp8: eb34c28f22e8b96e1ab97ce403110664 -> 
  custom:video-codec-MediaFoundation-h265: 746d11721c4dcdbdad8f713fa42b33f4 -> 
  custom:video-decoder-webm-vp8: 9c59270c3fd7afecdb556c50c9e8de78 -> 
  custom:graphics/normal-map-encoding: 01000000000000000000000000000000 -> 02000000000000000000000000000000
  custom:audio-decoder-ogg-vorbis: bf7c407c2cedff20999df2af8eb42d56 -> 
  custom:audio-encoder-webm-vorbis: bf7c407c2cedff20999df2af8eb42d56 -> 
========================================================================
Received Prepare
Refreshing native plugins compatible for Editor in 24.45 ms, found 2 plugins.
Preloading 0 native plugins for Editor in 0.00 ms.
Unloading 43 Unused Serialized files (Serialized files now loaded: 0)
System memory in use before: 64.9 MB.
System memory in use after: 65.1 MB.

Unloading 43 unused Assets to reduce memory usage. Loaded Objects now: 2824.
Total: 5.472500 ms (FindLiveObjects: 0.236000 ms CreateObjectMapping: 0.164800 ms MarkObjects: 4.947200 ms  DeleteObjects: 0.123100 ms)

AssetImportParameters requested are different than current active one (requested -> active):
  custom:framework-win-MediaFoundation: 216162199b28c13a410421893ffa2e32 -> 
  custom:video-decoder-ogg-theora: a1e56fd34408186e4bbccfd4996cb3dc -> 
  custom:container-muxer-webm: aa71ff27fc2769a1b78a27578f13a17b -> 
  custom:container-demuxer-webm: 4f35f7cbe854078d1ac9338744f61a02 -> 
  custom:container-demuxer-ogg: 62fdf1f143b41e24485cea50d1cbac27 -> 
  custom:video-encoder-webm-vp8: eb34c28f22e8b96e1ab97ce403110664 -> 
  custom:video-codec-MediaFoundation-h265: 746d11721c4dcdbdad8f713fa42b33f4 -> 
  custom:video-decoder-webm-vp8: 9c59270c3fd7afecdb556c50c9e8de78 -> 
  custom:audio-decoder-ogg-vorbis: bf7c407c2cedff20999df2af8eb42d56 -> 
  custom:audio-encoder-webm-vorbis: bf7c407c2cedff20999df2af8eb42d56 -> 
========================================================================
Received Prepare
Refreshing native plugins compatible for Editor in 176.03 ms, found 2 plugins.
Preloading 0 native plugins for Editor in 0.00 ms.
Unloading 43 Unused Serialized files (Serialized files now loaded: 0)
System memory in use before: 64.9 MB.
System memory in use after: 65.1 MB.

Unloading 43 unused Assets to reduce memory usage. Loaded Objects now: 2824.
Total: 4.576800 ms (FindLiveObjects: 0.280000 ms CreateObjectMapping: 0.191600 ms MarkObjects: 3.971100 ms  DeleteObjects: 0.132800 ms)

AssetImportParameters requested are different than current active one (requested -> active):
  custom:framework-win-MediaFoundation: 216162199b28c13a410421893ffa2e32 -> 
  custom:video-decoder-ogg-theora: a1e56fd34408186e4bbccfd4996cb3dc -> 
  custom:container-muxer-webm: aa71ff27fc2769a1b78a27578f13a17b -> 
  custom:container-demuxer-webm: 4f35f7cbe854078d1ac9338744f61a02 -> 
  custom:container-demuxer-ogg: 62fdf1f143b41e24485cea50d1cbac27 -> 
  custom:video-encoder-webm-vp8: eb34c28f22e8b96e1ab97ce403110664 -> 
  custom:video-codec-MediaFoundation-h265: 746d11721c4dcdbdad8f713fa42b33f4 -> 
  custom:video-decoder-webm-vp8: 9c59270c3fd7afecdb556c50c9e8de78 -> 
  custom:audio-decoder-ogg-vorbis: bf7c407c2cedff20999df2af8eb42d56 -> 
  custom:audio-encoder-webm-vorbis: bf7c407c2cedff20999df2af8eb42d56 -> 
========================================================================
Received Prepare
Refreshing native plugins compatible for Editor in 19.49 ms, found 2 plugins.
Preloading 0 native plugins for Editor in 0.00 ms.
Unloading 43 Unused Serialized files (Serialized files now loaded: 0)
System memory in use before: 64.9 MB.
System memory in use after: 65.1 MB.

Unloading 43 unused Assets to reduce memory usage. Loaded Objects now: 2824.
Total: 4.723800 ms (FindLiveObjects: 0.283500 ms CreateObjectMapping: 0.161200 ms MarkObjects: 4.155600 ms  DeleteObjects: 0.122000 ms)

AssetImportParameters requested are different than current active one (requested -> active):
  custom:framework-win-MediaFoundation: 216162199b28c13a410421893ffa2e32 -> 
  custom:video-decoder-ogg-theora: a1e56fd34408186e4bbccfd4996cb3dc -> 
  custom:container-muxer-webm: aa71ff27fc2769a1b78a27578f13a17b -> 
  custom:container-demuxer-webm: 4f35f7cbe854078d1ac9338744f61a02 -> 
  custom:container-demuxer-ogg: 62fdf1f143b41e24485cea50d1cbac27 -> 
  custom:video-encoder-webm-vp8: eb34c28f22e8b96e1ab97ce403110664 -> 
  custom:video-codec-MediaFoundation-h265: 746d11721c4dcdbdad8f713fa42b33f4 -> 
  custom:video-decoder-webm-vp8: 9c59270c3fd7afecdb556c50c9e8de78 -> 
  custom:audio-decoder-ogg-vorbis: bf7c407c2cedff20999df2af8eb42d56 -> 
  custom:audio-encoder-webm-vorbis: bf7c407c2cedff20999df2af8eb42d56 -> 
========================================================================
Received Prepare
Registering precompiled user dll's ...
Registered in 0.006906 seconds.
Begin MonoManager ReloadAssembly
Native extension for WindowsStandalone target not found
Refreshing native plugins compatible for Editor in 0.60 ms, found 2 plugins.
Preloading 0 native plugins for Editor in 0.00 ms.
Mono: successfully reloaded assembly
- Completed reload, in  1.019 seconds
Domain Reload Profiling:
	ReloadAssembly (1020ms)
		BeginReloadAssembly (124ms)
			ExecutionOrderSort (0ms)
			DisableScriptedObjects (5ms)
			BackupInstance (0ms)
			ReleaseScriptingObjects (0ms)
			CreateAndSetChildDomain (33ms)
		EndReloadAssembly (846ms)
			LoadAssemblies (107ms)
			RebuildTransferFunctionScriptingTraits (0ms)
			SetupTypeCache (291ms)
			ReleaseScriptCaches (1ms)
			RebuildScriptCaches (38ms)
			SetupLoadedEditorAssemblies (230ms)
				LogAssemblyErrors (0ms)
				InitializePlatformSupportModulesInManaged (4ms)
				SetLoadedEditorAssemblies (0ms)
				RefreshPlugins (1ms)
				BeforeProcessingInitializeOnLoad (47ms)
				ProcessInitializeOnLoadAttributes (164ms)
				ProcessInitializeOnLoadMethodAttributes (12ms)
				AfterProcessingInitializeOnLoad (2ms)
				EditorAssembliesLoaded (0ms)
			ExecutionOrderSort2 (0ms)
			AwakeInstancesAfterBackupRestoration (2ms)
Platform modules already initialized, skipping
Switching build target platform(19) subTarget(0) extendedPlatform(0) -> platform(13) subTarget(537395200) extendedPlatform(0)
Refreshing native plugins compatible for Editor in 0.56 ms, found 2 plugins.
Preloading 0 native plugins for Editor in 0.00 ms.
Unloading 2363 Unused Serialized files (Serialized files now loaded: 0)
System memory in use before: 110.9 MB.
System memory in use after: 111.1 MB.

Unloading 45 unused Assets to reduce memory usage. Loaded Objects now: 2827.
Total: 2.484400 ms (FindLiveObjects: 0.195900 ms CreateObjectMapping: 0.109900 ms MarkObjects: 2.096600 ms  DeleteObjects: 0.080500 ms)

AssetImportParameters requested are different than current active one (requested -> active):
  custom:framework-win-MediaFoundation: 216162199b28c13a410421893ffa2e32 -> 
  custom:video-decoder-ogg-theora: a1e56fd34408186e4bbccfd4996cb3dc -> 
  custom:container-muxer-webm: aa71ff27fc2769a1b78a27578f13a17b -> 
  custom:container-demuxer-webm: 4f35f7cbe854078d1ac9338744f61a02 -> 
  custom:container-demuxer-ogg: 62fdf1f143b41e24485cea50d1cbac27 -> 
  custom:video-encoder-webm-vp8: eb34c28f22e8b96e1ab97ce403110664 -> 
  custom:video-codec-MediaFoundation-h265: 746d11721c4dcdbdad8f713fa42b33f4 -> 
  custom:video-decoder-webm-vp8: 9c59270c3fd7afecdb556c50c9e8de78 -> 
  custom:graphics/normal-map-encoding: 01000000000000000000000000000000 -> 02000000000000000000000000000000
  custom:audio-decoder-ogg-vorbis: bf7c407c2cedff20999df2af8eb42d56 -> 
  custom:audio-encoder-webm-vorbis: bf7c407c2cedff20999df2af8eb42d56 -> 
========================================================================
Received Prepare
Switching build target platform(13) subTarget(537395200) extendedPlatform(0) -> platform(13) subTarget(524288) extendedPlatform(0)
Refreshing native plugins compatible for Editor in 14.06 ms, found 2 plugins.
Preloading 0 native plugins for Editor in 0.00 ms.
Unloading 43 Unused Serialized files (Serialized files now loaded: 0)
System memory in use before: 65.0 MB.
System memory in use after: 65.2 MB.

Unloading 43 unused Assets to reduce memory usage. Loaded Objects now: 2827.
Total: 5.410900 ms (FindLiveObjects: 0.473800 ms CreateObjectMapping: 0.295700 ms MarkObjects: 4.477900 ms  DeleteObjects: 0.161200 ms)

AssetImportParameters requested are different than current active one (requested -> active):
  buildTarget: platform 13, subtarget 524288, extendedPlatform 0 -> platform 13, subtarget 537395200, extendedPlatform 0
  graphicsApiMask: 2048 -> 2099200
  custom:framework-win-MediaFoundation: 216162199b28c13a410421893ffa2e32 -> 
  custom:video-decoder-ogg-theora: a1e56fd34408186e4bbccfd4996cb3dc -> 
  custom:container-muxer-webm: aa71ff27fc2769a1b78a27578f13a17b -> 
  custom:container-demuxer-webm: 4f35f7cbe854078d1ac9338744f61a02 -> 
  custom:container-demuxer-ogg: 62fdf1f143b41e24485cea50d1cbac27 -> 
  custom:video-encoder-webm-vp8: eb34c28f22e8b96e1ab97ce403110664 -> 
  custom:video-codec-MediaFoundation-h265: 746d11721c4dcdbdad8f713fa42b33f4 -> 
  custom:video-decoder-webm-vp8: 9c59270c3fd7afecdb556c50c9e8de78 -> 
  custom:audio-decoder-ogg-vorbis: bf7c407c2cedff20999df2af8eb42d56 -> 
  custom:audio-encoder-webm-vorbis: bf7c407c2cedff20999df2af8eb42d56 -> 
========================================================================
Received Prepare
Switching build target platform(13) subTarget(537395200) extendedPlatform(0) -> platform(13) subTarget(589824) extendedPlatform(0)
Refreshing native plugins compatible for Editor in 19.69 ms, found 2 plugins.
Preloading 0 native plugins for Editor in 0.00 ms.
Unloading 43 Unused Serialized files (Serialized files now loaded: 0)
System memory in use before: 65.0 MB.
System memory in use after: 65.2 MB.

Unloading 43 unused Assets to reduce memory usage. Loaded Objects now: 2827.
Total: 4.062800 ms (FindLiveObjects: 0.322500 ms CreateObjectMapping: 0.237100 ms MarkObjects: 3.410100 ms  DeleteObjects: 0.092000 ms)

AssetImportParameters requested are different than current active one (requested -> active):
  buildTarget: platform 13, subtarget 589824, extendedPlatform 0 -> platform 13, subtarget 537395200, extendedPlatform 0
  graphicsApiMask: 2304 -> 2099200
  custom:framework-win-MediaFoundation: 216162199b28c13a410421893ffa2e32 -> 
  custom:video-decoder-ogg-theora: a1e56fd34408186e4bbccfd4996cb3dc -> 
  custom:container-muxer-webm: aa71ff27fc2769a1b78a27578f13a17b -> 
  custom:container-demuxer-webm: 4f35f7cbe854078d1ac9338744f61a02 -> 
  custom:container-demuxer-ogg: 62fdf1f143b41e24485cea50d1cbac27 -> 
  custom:video-encoder-webm-vp8: eb34c28f22e8b96e1ab97ce403110664 -> 
  custom:video-codec-MediaFoundation-h265: 746d11721c4dcdbdad8f713fa42b33f4 -> 
  custom:video-decoder-webm-vp8: 9c59270c3fd7afecdb556c50c9e8de78 -> 
  custom:audio-decoder-ogg-vorbis: bf7c407c2cedff20999df2af8eb42d56 -> 
  custom:audio-encoder-webm-vorbis: bf7c407c2cedff20999df2af8eb42d56 -> 
========================================================================
Received Prepare
Switching build target platform(13) subTarget(537395200) extendedPlatform(0) -> platform(13) subTarget(589824) extendedPlatform(0)
Refreshing native plugins compatible for Editor in 10.80 ms, found 2 plugins.
Preloading 0 native plugins for Editor in 0.00 ms.
Unloading 43 Unused Serialized files (Serialized files now loaded: 0)
System memory in use before: 65.0 MB.
System memory in use after: 65.2 MB.

Unloading 43 unused Assets to reduce memory usage. Loaded Objects now: 2827.
Total: 4.395300 ms (FindLiveObjects: 0.204600 ms CreateObjectMapping: 0.145000 ms MarkObjects: 3.906500 ms  DeleteObjects: 0.137700 ms)

AssetImportParameters requested are different than current active one (requested -> active):
  buildTarget: platform 13, subtarget 589824, extendedPlatform 0 -> platform 13, subtarget 537395200, extendedPlatform 0
  colorSpace: 0 -> 1
  graphicsApiMask: 2304 -> 2099200
  custom:framework-win-MediaFoundation: 216162199b28c13a410421893ffa2e32 -> 
  custom:video-decoder-ogg-theora: a1e56fd34408186e4bbccfd4996cb3dc -> 
  custom:container-muxer-webm: aa71ff27fc2769a1b78a27578f13a17b -> 
  custom:container-demuxer-webm: 4f35f7cbe854078d1ac9338744f61a02 -> 
  custom:container-demuxer-ogg: 62fdf1f143b41e24485cea50d1cbac27 -> 
  custom:video-encoder-webm-vp8: eb34c28f22e8b96e1ab97ce403110664 -> 
  custom:video-codec-MediaFoundation-h265: 746d11721c4dcdbdad8f713fa42b33f4 -> 
  custom:video-decoder-webm-vp8: 9c59270c3fd7afecdb556c50c9e8de78 -> 
  custom:audio-decoder-ogg-vorbis: bf7c407c2cedff20999df2af8eb42d56 -> 
  custom:audio-encoder-webm-vorbis: bf7c407c2cedff20999df2af8eb42d56 -> 
========================================================================
Received Prepare
Registering precompiled user dll's ...
Registered in 0.006797 seconds.
Begin MonoManager ReloadAssembly
Native extension for WindowsStandalone target not found
Refreshing native plugins compatible for Editor in 1.03 ms, found 2 plugins.
Preloading 0 native plugins for Editor in 0.00 ms.
Mono: successfully reloaded assembly
- Completed reload, in  1.006 seconds
Domain Reload Profiling:
	ReloadAssembly (1006ms)
		BeginReloadAssembly (113ms)
			ExecutionOrderSort (0ms)
			DisableScriptedObjects (4ms)
			BackupInstance (0ms)
			ReleaseScriptingObjects (0ms)
			CreateAndSetChildDomain (32ms)
		EndReloadAssembly (843ms)
			LoadAssemblies (101ms)
			RebuildTransferFunctionScriptingTraits (0ms)
			SetupTypeCache (254ms)
			ReleaseScriptCaches (1ms)
			RebuildScriptCaches (38ms)
			SetupLoadedEditorAssemblies (254ms)
				LogAssemblyErrors (0ms)
				InitializePlatformSupportModulesInManaged (4ms)
				SetLoadedEditorAssemblies (1ms)
				RefreshPlugins (1ms)
				BeforeProcessingInitializeOnLoad (53ms)
				ProcessInitializeOnLoadAttributes (179ms)
				ProcessInitializeOnLoadMethodAttributes (14ms)
				AfterProcessingInitializeOnLoad (2ms)
				EditorAssembliesLoaded (0ms)
			ExecutionOrderSort2 (0ms)
			AwakeInstancesAfterBackupRestoration (2ms)
Platform modules already initialized, skipping
Switching build target platform(19) subTarget(0) extendedPlatform(0) -> platform(13) subTarget(589824) extendedPlatform(0)
Refreshing native plugins compatible for Editor in 0.62 ms, found 2 plugins.
Preloading 0 native plugins for Editor in 0.00 ms.
Unloading 2363 Unused Serialized files (Serialized files now loaded: 0)
System memory in use before: 111.0 MB.
System memory in use after: 111.1 MB.

Unloading 45 unused Assets to reduce memory usage. Loaded Objects now: 2830.
Total: 2.816700 ms (FindLiveObjects: 0.186700 ms CreateObjectMapping: 0.114200 ms MarkObjects: 2.378100 ms  DeleteObjects: 0.136200 ms)

AssetImportParameters requested are different than current active one (requested -> active):
  buildTarget: platform 13, subtarget 589824, extendedPlatform 0 -> platform 13, subtarget 537395200, extendedPlatform 0
  colorSpace: 0 -> 1
  graphicsApiMask: 2304 -> 2099200
  custom:framework-win-MediaFoundation: 216162199b28c13a410421893ffa2e32 -> 
  custom:video-decoder-ogg-theora: a1e56fd34408186e4bbccfd4996cb3dc -> 
  custom:container-muxer-webm: aa71ff27fc2769a1b78a27578f13a17b -> 
  custom:container-demuxer-webm: 4f35f7cbe854078d1ac9338744f61a02 -> 
  custom:container-demuxer-ogg: 62fdf1f143b41e24485cea50d1cbac27 -> 
  custom:video-encoder-webm-vp8: eb34c28f22e8b96e1ab97ce403110664 -> 
  custom:video-codec-MediaFoundation-h265: 746d11721c4dcdbdad8f713fa42b33f4 -> 
  custom:video-decoder-webm-vp8: 9c59270c3fd7afecdb556c50c9e8de78 -> 
  custom:graphics/normal-map-encoding: 01000000000000000000000000000000 -> 02000000000000000000000000000000
  custom:audio-decoder-ogg-vorbis: bf7c407c2cedff20999df2af8eb42d56 -> 
  custom:audio-encoder-webm-vorbis: bf7c407c2cedff20999df2af8eb42d56 -> 
========================================================================
Received Prepare
Refreshing native plugins compatible for Editor in 11.30 ms, found 2 plugins.
Preloading 0 native plugins for Editor in 0.00 ms.
Unloading 43 Unused Serialized files (Serialized files now loaded: 0)
System memory in use before: 65.0 MB.
System memory in use after: 65.1 MB.

Unloading 43 unused Assets to reduce memory usage. Loaded Objects now: 2830.
Total: 3.143800 ms (FindLiveObjects: 0.384300 ms CreateObjectMapping: 0.163800 ms MarkObjects: 2.464300 ms  DeleteObjects: 0.130600 ms)

AssetImportParameters requested are different than current active one (requested -> active):
  custom:framework-win-MediaFoundation: 216162199b28c13a410421893ffa2e32 -> 
  custom:video-decoder-ogg-theora: a1e56fd34408186e4bbccfd4996cb3dc -> 
  custom:container-muxer-webm: aa71ff27fc2769a1b78a27578f13a17b -> 
  custom:container-demuxer-webm: 4f35f7cbe854078d1ac9338744f61a02 -> 
  custom:container-demuxer-ogg: 62fdf1f143b41e24485cea50d1cbac27 -> 
  custom:video-encoder-webm-vp8: eb34c28f22e8b96e1ab97ce403110664 -> 
  custom:video-codec-MediaFoundation-h265: 746d11721c4dcdbdad8f713fa42b33f4 -> 
  custom:video-decoder-webm-vp8: 9c59270c3fd7afecdb556c50c9e8de78 -> 
  custom:audio-decoder-ogg-vorbis: bf7c407c2cedff20999df2af8eb42d56 -> 
  custom:audio-encoder-webm-vorbis: bf7c407c2cedff20999df2af8eb42d56 -> 
